<?xml version="1.0" encoding="UTF-8"?>
<!-- Generated by org.testng.reporters.JUnitReportReporter -->
<testsuite skipped="0" hostname="DESKTOP-IF4HBMG" name="com.invygo.Facebook.FacebookTest" tests="1" failures="0" timestamp="24 Nov 2021 06:03:13 GMT" time="62.566" errors="0">
  <testcase name="facebooklogin" time="62.566" classname="com.invygo.Facebook.FacebookTest"/>
</testsuite> <!-- com.invygo.Facebook.FacebookTest -->
